[11:49:34] [Client thread/INFO]: Setting user: cleanCat
[11:49:34] [Client thread/INFO]: (Session ID is token:0:Player109)
[11:49:35] [Client thread/INFO]: [OptiFine] *** Reflector Forge ***
[11:49:35] [Client thread/INFO]: [OptiFine] *** Reflector Vanilla ***
[11:49:35] [Client thread/INFO]: [OptiFine] (Reflector) Class not present: net.minecraftforge.fml.common.eventhandler.Event$Result
[11:49:35] [Client thread/INFO]: LWJGL Version: 2.9.4
[11:49:35] [Client thread/INFO]: [OptiFine] 
[11:49:35] [Client thread/INFO]: [OptiFine] OptiFine_1.8.9_HD_U_M6_pre2
[11:49:35] [Client thread/INFO]: [OptiFine] Build: null
[11:49:35] [Client thread/INFO]: [OptiFine] OS: Windows 11 (amd64) version 10.0
[11:49:35] [Client thread/INFO]: [OptiFine] Java: 1.8.0_422, Temurin
[11:49:35] [Client thread/INFO]: [OptiFine] VM: OpenJDK 64-Bit Server VM (mixed mode), Temurin
[11:49:35] [Client thread/INFO]: [OptiFine] LWJGL: 2.9.4
[11:49:35] [Client thread/INFO]: [OptiFine] OpenGL: AMD Radeon(TM) Graphics, version 4.6.0 Compatibility Profile Context 24.3.1.240216, ATI Technologies Inc.
[11:49:35] [Client thread/INFO]: [OptiFine] OpenGL Version: 4.6.0
[11:49:35] [Client thread/INFO]: [OptiFine] OpenGL Fancy fog: Not available (GL_NV_fog_distance)
[11:49:35] [Client thread/INFO]: [OptiFine] Maximum texture size: 16384x16384
[11:49:35] [VersionCheck/INFO]: [OptiFine] Checking for new version
[11:49:35] [Client thread/INFO]: [Shaders] OpenGL Version: 4.6.0 Compatibility Profile Context 24.3.1.240216
[11:49:35] [Client thread/INFO]: [Shaders] Vendor:  ATI Technologies Inc.
[11:49:35] [Client thread/INFO]: [Shaders] Renderer: AMD Radeon(TM) Graphics
[11:49:35] [Client thread/INFO]: [Shaders] Capabilities:  2.0  2.1  3.0  3.2  4.0 
[11:49:35] [Client thread/INFO]: [Shaders] GL_MAX_DRAW_BUFFERS: 8
[11:49:35] [Client thread/INFO]: [Shaders] GL_MAX_COLOR_ATTACHMENTS_EXT: 8
[11:49:35] [Client thread/INFO]: [Shaders] GL_MAX_TEXTURE_IMAGE_UNITS: 32
[11:49:35] [Client thread/INFO]: [Shaders] Load shaders configuration.
[11:49:35] [Client thread/INFO]: [Shaders] Save shaders configuration.
[11:49:35] [Client thread/INFO]: [Shaders] No shaderpack loaded.
[11:49:35] [Client thread/INFO]: [OptiFine] (Reflector) Class not present: net.minecraftforge.fml.common.Loader
[11:49:35] [Client thread/INFO]: [OptiFine] (Reflector) Class not present: net.minecraftforge.fml.client.SplashProgress
[11:49:36] [Client thread/INFO]: Reloading ResourceManager: Default, §bGleam §8[§3128x§8].zip
[11:49:36] [Client thread/INFO]: [OptiFine] (Reflector) Class not present: optifine.OptiFineClassTransformer
[11:49:36] [Client thread/INFO]: [OptiFine] *** Reloading textures ***
[11:49:36] [Client thread/INFO]: [OptiFine] Resource packs: §bGleam §8[§3128x§8].zip
[11:49:36] [VersionCheck/INFO]: [OptiFine] Version found: M5
[11:49:36] [Client thread/INFO]: [OptiFine] (Reflector) Class not present: net.minecraftforge.client.model.Attributes
[11:49:36] [Client thread/INFO]: [OptiFine] (Reflector) Method not present: net.minecraft.client.renderer.vertex.VertexFormatElement$EnumUsage.preDraw
[11:49:36] [Client thread/INFO]: [OptiFine] (Reflector) Method not present: net.minecraft.client.renderer.vertex.VertexFormatElement$EnumUsage.postDraw
[11:49:36] [Sound Library Loader/INFO]: Starting up SoundSystem...
[11:49:36] [Thread-6/INFO]: Initializing LWJGL OpenAL
[11:49:36] [Thread-6/INFO]: (The LWJGL binding of OpenAL.  For more information, see http://www.lwjgl.org)
[11:49:36] [Thread-6/INFO]: OpenAL initialized.
[11:49:37] [Sound Library Loader/INFO]: Sound engine started
[11:49:37] [Client thread/INFO]: [OptiFine] (Reflector) Class not present: net.minecraftforge.client.ForgeHooksClient
[11:49:38] [Client thread/INFO]: [OptiFine] Mipmap levels: 4
[11:49:38] [Client thread/INFO]: [OptiFine] Multitexture: false
[11:49:38] [Client thread/INFO]: [OptiFine] ConnectedTextures: mcpatcher/ctm/glass/glass.properties
[11:49:38] [Client thread/INFO]: [OptiFine] Multipass connected textures: false
[11:49:38] [Client thread/INFO]: [OptiFine] Multipass connected textures: false
[11:49:38] [Client thread/INFO]: [OptiFine] BetterGrass: Parsing default configuration optifine/bettergrass.properties
[11:49:38] [Client thread/INFO]: [OptiFine] Scaled too small texture: minecraft:blocks/slime, 8 -> 16
[11:49:38] [Client thread/INFO]: Created: 1024x1024 textures-atlas
[11:49:38] [Client thread/INFO]: [OptiFine] Animated sprites: 12
[11:49:38] [Client thread/INFO]: [OptiFine] (Reflector) Class not present: net.minecraftforge.client.model.ModelLoader
[11:49:39] [Client thread/INFO]: [OptiFine] (Reflector) Class not present: net.minecraftforge.client.ItemModelMesherForge
[11:49:39] [Client thread/INFO]: [OptiFine] (Reflector) Class not present: net.minecraftforge.fml.client.registry.RenderingRegistry
[11:49:39] [Client thread/INFO]: [OptiFine] (Reflector) Class not present: net.minecraftforge.common.ForgeModContainer
[11:49:39] [Client thread/INFO]: Starting cleanCat Client 1.1.1 - 1.8.9
[11:49:39] [Client thread/INFO]: Logging in with username & password
[11:49:40] [Client thread/INFO]: [OptiFine] (Reflector) Class not present: mods.betterfoliage.client.BetterFoliageClient
[11:49:40] [Client thread/INFO]: [OptiFine] (Reflector) Class not present: net.minecraftforge.fml.common.asm.transformers.BlamingTransformer
[11:49:40] [Client thread/INFO]: [OptiFine] (Reflector) Class not present: net.minecraftforge.event.world.ChunkWatchEvent$UnWatch
[11:49:40] [Client thread/INFO]: [OptiFine] (Reflector) Class not present: net.minecraftforge.fml.relauncher.CoreModManager
[11:49:40] [Client thread/INFO]: [OptiFine] (Reflector) Class not present: net.minecraftforge.common.DimensionManager
[11:49:40] [Client thread/INFO]: [OptiFine] (Reflector) Class not present: net.minecraftforge.client.event.GuiScreenEvent$DrawScreenEvent$Pre
[11:49:40] [Client thread/INFO]: [OptiFine] (Reflector) Class not present: net.minecraftforge.client.event.GuiScreenEvent$DrawScreenEvent$Post
[11:49:40] [Client thread/INFO]: [OptiFine] (Reflector) Class not present: net.minecraftforge.client.event.EntityViewRenderEvent$CameraSetup
[11:49:40] [Client thread/INFO]: [OptiFine] (Reflector) Class not present: net.minecraftforge.client.event.EntityViewRenderEvent$FogColors
[11:49:40] [Client thread/INFO]: [OptiFine] (Reflector) Class not present: net.minecraftforge.fml.common.eventhandler.Event
[11:49:40] [Client thread/INFO]: [OptiFine] (Reflector) Class not present: net.minecraftforge.fml.common.eventhandler.EventBus
[11:49:40] [Client thread/INFO]: [OptiFine] (Reflector) Class not present: net.minecraftforge.common.property.ExtendedBlockState
[11:49:40] [Client thread/INFO]: [OptiFine] (Reflector) Class not present: net.minecraftforge.fml.client.FMLClientHandler
[11:49:40] [Client thread/INFO]: [OptiFine] (Reflector) Class not present: net.minecraftforge.fml.common.FMLCommonHandler
[11:49:40] [Client thread/INFO]: [OptiFine] (Reflector) Method not present: net.minecraft.world.biome.BiomeGenBase.getWaterColorMultiplier
[11:49:40] [Client thread/INFO]: [OptiFine] (Reflector) Method not present: net.minecraft.block.Block.addDestroyEffects
[11:49:40] [Client thread/INFO]: [OptiFine] (Reflector) Method not present: net.minecraft.block.Block.addHitEffects
[11:49:40] [Client thread/INFO]: [OptiFine] (Reflector) Method not present: net.minecraft.block.Block.canCreatureSpawn
[11:49:40] [Client thread/INFO]: [OptiFine] (Reflector) Method not present: net.minecraft.block.Block.canRenderInLayer
[11:49:40] [Client thread/INFO]: [OptiFine] (Reflector) Method not present: net.minecraft.block.Block.doesSideBlockRendering
[11:49:40] [Client thread/INFO]: [OptiFine] (Reflector) Method not present: net.minecraft.block.Block.getBedDirection
[11:49:40] [Client thread/INFO]: [OptiFine] (Reflector) Method not present: net.minecraft.block.Block.getExtendedState
[11:49:40] [Client thread/INFO]: [OptiFine] (Reflector) Method not present: net.minecraft.block.Block.getLightOpacity
[11:49:40] [Client thread/INFO]: [OptiFine] (Reflector) Method not present: net.minecraft.block.Block.getLightValue
[11:49:40] [Client thread/INFO]: [OptiFine] (Reflector) Method not present: net.minecraft.block.Block.hasTileEntity
[11:49:40] [Client thread/INFO]: [OptiFine] (Reflector) Method not present: net.minecraft.block.Block.isAir
[11:49:40] [Client thread/INFO]: [OptiFine] (Reflector) Method not present: net.minecraft.block.Block.isBed
[11:49:40] [Client thread/INFO]: [OptiFine] (Reflector) Method not present: net.minecraft.block.Block.isBedFoot
[11:49:40] [Client thread/INFO]: [OptiFine] (Reflector) Method not present: net.minecraft.block.Block.isSideSolid
[11:49:40] [Client thread/INFO]: [OptiFine] (Reflector) Method not present: net.minecraft.world.ChunkCache.isSideSolid
[11:49:40] [Client thread/INFO]: [OptiFine] (Reflector) Method not present: net.minecraft.entity.Entity.canRiderInteract
[11:49:40] [Client thread/INFO]: [OptiFine] (Reflector) Field not present: net.minecraft.entity.Entity.captureDrops
[11:49:40] [Client thread/INFO]: [OptiFine] (Reflector) Field not present: net.minecraft.entity.Entity.capturedDrops
[11:49:40] [Client thread/INFO]: [OptiFine] (Reflector) Method not present: net.minecraft.entity.Entity.shouldRenderInPass
[11:49:40] [Client thread/INFO]: [OptiFine] (Reflector) Method not present: net.minecraft.entity.Entity.shouldRiderSit
[11:49:40] [Client thread/INFO]: [OptiFine] (Reflector) Class not present: net.minecraftforge.event.ForgeEventFactory
[11:49:40] [Client thread/INFO]: [OptiFine] (Reflector) Class not present: net.minecraftforge.common.ForgeHooks
[11:49:40] [Client thread/INFO]: [OptiFine] (Reflector) Field not present: net.minecraft.item.Item.delegate
[11:49:40] [Client thread/INFO]: [OptiFine] (Reflector) Method not present: net.minecraft.item.Item.getDurabilityForDisplay
[11:49:40] [Client thread/INFO]: [OptiFine] (Reflector) Method not present: net.minecraft.item.Item.getModel
[11:49:40] [Client thread/INFO]: [OptiFine] (Reflector) Method not present: net.minecraft.item.Item.onEntitySwing
[11:49:40] [Client thread/INFO]: [OptiFine] (Reflector) Method not present: net.minecraft.item.Item.shouldCauseReequipAnimation
[11:49:40] [Client thread/INFO]: [OptiFine] (Reflector) Method not present: net.minecraft.item.Item.showDurabilityBar
[11:49:40] [Client thread/INFO]: [OptiFine] (Reflector) Method not present: net.minecraft.potion.PotionEffect.isCurativeItem
[11:49:40] [Client thread/INFO]: [OptiFine] (Reflector) Method not present: net.minecraft.tileentity.TileEntity.canRenderBreaking
[11:49:40] [Client thread/INFO]: [OptiFine] (Reflector) Method not present: net.minecraft.tileentity.TileEntity.getRenderBoundingBox
[11:49:40] [Client thread/INFO]: [OptiFine] (Reflector) Method not present: net.minecraft.tileentity.TileEntity.hasFastRenderer
[11:49:40] [Client thread/INFO]: [OptiFine] (Reflector) Method not present: net.minecraft.tileentity.TileEntity.shouldRenderInPass
[11:49:40] [Client thread/INFO]: [OptiFine] (Reflector) Method not present: net.minecraft.world.World.countEntities
[11:49:40] [Client thread/INFO]: [OptiFine] (Reflector) Method not present: net.minecraft.world.World.getPerWorldStorage
[11:49:40] [Client thread/INFO]: [OptiFine] (Reflector) Method not present: net.minecraft.world.WorldProvider.getCloudRenderer
[11:49:40] [Client thread/INFO]: [OptiFine] (Reflector) Method not present: net.minecraft.world.WorldProvider.getSkyRenderer
[11:49:40] [Client thread/INFO]: [OptiFine] (Reflector) Method not present: net.minecraft.world.WorldProvider.getWeatherRenderer
[11:49:40] [Client thread/INFO]: [OptiFine] (Reflector) Method not present: net.minecraft.world.WorldProvider.getSaveFolder
[11:49:40] [Client thread/INFO]: [OptiFine] (Reflector) Class not present: net.minecraftforge.fml.client.GuiModList
[11:49:40] [Client thread/INFO]: [OptiFine] (Reflector) Class not present: net.minecraftforge.client.model.IColoredBakedQuad
[11:49:40] [Client thread/INFO]: [OptiFine] (Reflector) Class not present: net.minecraftforge.common.property.IExtendedBlockState
[11:49:40] [Client thread/INFO]: [OptiFine] (Reflector) Class not present: net.minecraftforge.client.model.IModel
[11:49:40] [Client thread/INFO]: [OptiFine] (Reflector) Class not present: net.minecraftforge.client.IRenderHandler
[11:49:40] [Client thread/INFO]: [OptiFine] (Reflector) Class not present: net.minecraftforge.client.model.pipeline.LightUtil
[11:49:40] [Client thread/INFO]: [OptiFine] (Reflector) Class not present: net.minecraftforge.common.MinecraftForge
[11:49:40] [Client thread/INFO]: [OptiFine] (Reflector) Class not present: net.minecraftforge.client.MinecraftForgeClient
[11:49:40] [Client thread/INFO]: [OptiFine] (Reflector) Class not present: net.minecraftforge.fml.common.ModContainer
[11:49:40] [Client thread/INFO]: [OptiFine] (Reflector) Class not present: net.minecraftforge.client.model.ModelLoader$VanillaLoader
[11:49:40] [Client thread/INFO]: [OptiFine] (Reflector) Class not present: net.minecraftforge.client.event.RenderBlockOverlayEvent$OverlayType
[11:49:40] [Client thread/INFO]: [OptiFine] (Reflector) Class not present: net.minecraftforge.client.event.RenderItemInFrameEvent
[11:49:40] [Client thread/INFO]: [OptiFine] (Reflector) Class not present: net.minecraftforge.client.event.RenderLivingEvent$Pre
[11:49:40] [Client thread/INFO]: [OptiFine] (Reflector) Class not present: net.minecraftforge.client.event.RenderLivingEvent$Post
[11:49:40] [Client thread/INFO]: [OptiFine] (Reflector) Class not present: net.minecraftforge.client.event.RenderLivingEvent$Specials$Pre
[11:49:40] [Client thread/INFO]: [OptiFine] (Reflector) Class not present: net.minecraftforge.client.event.RenderLivingEvent$Specials$Post
[11:49:40] [Client thread/INFO]: [OptiFine] (Reflector) Class not present: net.minecraftforge.event.world.WorldEvent$Load
[11:49:40] [Client thread/INFO]: [OptiFine] *** Reloading custom textures ***
[11:49:40] [Client thread/INFO]: [OptiFine] CustomColors: Colormap mcpatcher/colormap/water.png
[11:49:40] [Client thread/INFO]: [OptiFine] CustomColors: Colormap mcpatcher/colormap/swampgrass.png
[11:49:40] [Client thread/INFO]: [OptiFine] CustomColors: Colormap mcpatcher/colormap/swampfoliage.png
[11:49:40] [Client thread/INFO]: [OptiFine] CustomColors: Colormap mcpatcher/colormap/sky0.png
[11:49:40] [Client thread/INFO]: [OptiFine] CustomColors: Colormap mcpatcher/lightmap/world-1.png
[11:49:40] [Client thread/INFO]: [OptiFine] CustomColors: Colormap mcpatcher/lightmap/world0.png
[11:49:40] [Client thread/INFO]: [OptiFine] CustomColors: Colormap mcpatcher/lightmap/world1.png
[11:49:40] [Client thread/INFO]: [OptiFine] CustomColors: Loading mcpatcher/color.properties
[11:49:40] [Client thread/INFO]: [OptiFine] CustomColors: drop.water = ffffff
[11:49:40] [Client thread/INFO]: [OptiFine] CustomColors: lilypad = 577119
[11:49:40] [Client thread/INFO]: [OptiFine] CustomColors: Potion colors: 20
[11:49:40] [Client thread/INFO]: [OptiFine] CustomSky properties: mcpatcher/sky/world0/sky1.properties
[11:49:41] [Client thread/INFO]: [OptiFine] CustomSky properties: mcpatcher/sky/world0/sky2.properties
[11:49:41] [Client thread/INFO]: [OptiFine] CustomSky: Texture not found: minecraft:mcpatcher/sky/world0/starfield01.png
[11:49:41] [Client thread/INFO]: [OptiFine] CustomSky properties: mcpatcher/sky/world0/sky3.properties
[11:49:43] [Client thread/INFO]: [OptiFine] CustomSky properties: mcpatcher/sky/world0/sky4.properties
[11:49:43] [Client thread/INFO]: [OptiFine] CustomSky properties: mcpatcher/sky/world0/sky5.properties
[11:49:43] [Client thread/INFO]: [OptiFine] RandomEntities: textures/entity/bat.png, variants: 3
[11:49:43] [Client thread/INFO]: [OptiFine] RandomEntities: textures/entity/blaze.png, variants: 4
[11:49:43] [Client thread/INFO]: [OptiFine] RandomEntities: textures/entity/chicken.png, variants: 3
[11:49:43] [Client thread/INFO]: [OptiFine] RandomEntities: textures/entity/cow/cow.png, variants: 5
[11:49:43] [Client thread/INFO]: [OptiFine] RandomEntities: textures/entity/cow/mooshroom.png, variants: 2
[11:49:43] [Client thread/INFO]: [OptiFine] RandomEntities: textures/entity/creeper/creeper.png, variants: 3
[11:49:43] [Client thread/INFO]: [OptiFine] RandomEntities: textures/entity/enderman/enderman.png, variants: 5
[11:49:43] [Client thread/INFO]: [OptiFine] RandomEntities: textures/entity/ghast/ghast_shooting.png, variants: 3
[11:49:43] [Client thread/INFO]: [OptiFine] RandomEntities: textures/entity/iron_golem.png, variants: 3
[11:49:43] [Client thread/INFO]: [OptiFine] RandomEntities: textures/entity/pig/pig.png, variants: 4
[11:49:43] [Client thread/INFO]: [OptiFine] RandomEntities: textures/entity/silverfish.png, variants: 4
[11:49:43] [Client thread/INFO]: [OptiFine] RandomEntities: textures/entity/skeleton/skeleton.png, variants: 3
[11:49:43] [Client thread/INFO]: [OptiFine] RandomEntities: textures/entity/skeleton/wither_skeleton.png, variants: 3
[11:49:43] [Client thread/INFO]: [OptiFine] RandomEntities: textures/entity/slime/magmacube.png, variants: 4
[11:49:43] [Client thread/INFO]: [OptiFine] RandomEntities: textures/entity/slime/slime.png, variants: 4
[11:49:43] [Client thread/INFO]: [OptiFine] RandomEntities: textures/entity/spider/cave_spider.png, variants: 4
[11:49:43] [Client thread/INFO]: [OptiFine] RandomEntities: textures/entity/spider/spider.png, variants: 3
[11:49:43] [Client thread/INFO]: [OptiFine] RandomEntities: textures/entity/spider_eyes.png, variants: 3
[11:49:43] [Client thread/INFO]: [OptiFine] RandomEntities: textures/entity/squid.png, variants: 4
[11:49:43] [Client thread/INFO]: [OptiFine] RandomEntities: textures/entity/steve.png, variants: 8
[11:49:43] [Client thread/INFO]: [OptiFine] RandomEntities: textures/entity/witch.png, variants: 3
[11:49:43] [Client thread/INFO]: [OptiFine] RandomEntities: textures/entity/wolf/wolf.png, variants: 5
[11:49:43] [Client thread/INFO]: [OptiFine] RandomEntities: textures/entity/wolf/wolf_angry.png, variants: 5
[11:49:43] [Client thread/INFO]: [OptiFine] RandomEntities: textures/entity/wolf/wolf_tame.png, variants: 5
[11:49:43] [Client thread/INFO]: [OptiFine] RandomEntities: textures/entity/zombie/zombie.png, variants: 3
[11:49:43] [Client thread/INFO]: [OptiFine] RandomEntities: textures/entity/zombie/zombie_villager.png, variants: 3
[11:49:43] [Client thread/INFO]: [OptiFine] RandomEntities: textures/entity/zombie_pigman.png, variants: 4
[11:49:43] [Client thread/INFO]: [OptiFine] Enable face culling: acacia_leaves, birch_leaves, dark_oak_leaves, jungle_leaves, oak_leaves, spruce_leaves
[11:49:47] [Server thread/INFO]: Starting integrated minecraft server version 1.9
[11:49:47] [Server thread/INFO]: Generating keypair
[11:49:47] [Server thread/INFO]: Preparing start region for level 0
[11:49:47] [Server thread/INFO]: Changing view distance to 8, from 10
[11:49:47] [Server thread/INFO]: cleanCat[local:E:7930f94d] logged in with entity id 5 at (3.2753988732044936, 76.0, 18.509688850533443)
[11:49:47] [Server thread/INFO]: cleanCat joined the game
[11:49:48] [Server thread/INFO]: Saving and pausing game...
[11:49:48] [Server thread/INFO]: Saving chunks for level 'Lions Temple'/Overworld
[11:49:48] [Server thread/INFO]: Saving chunks for level 'Lions Temple'/Nether
[11:49:48] [Server thread/INFO]: Saving chunks for level 'Lions Temple'/The End
[11:50:03] [Server thread/INFO]: Saving and pausing game...
[11:50:03] [Server thread/INFO]: Saving chunks for level 'Lions Temple'/Overworld
[11:50:03] [Server thread/INFO]: Saving chunks for level 'Lions Temple'/Nether
[11:50:03] [Server thread/INFO]: Saving chunks for level 'Lions Temple'/The End
